<?xml version="1.0" encoding="UTF-8"?>
<!-- Generated by org.testng.reporters.JUnitReportReporter -->
<testsuite hostname="DESKTOP-8JEUC3S" failures="0" tests="2" name="Test3.Header" time="3.560" errors="0" timestamp="2023-08-09T17:47:19 IST" skipped="0">
  <testcase classname="Test3.Header" name="Header" time="2.915"/>
  <testcase classname="Test3.Header" name="getHeader" time="0.645"/>
</testsuite> <!-- Test3.Header -->
