<?xml version="1.0" encoding="UTF-8"?>
<!-- Generated by org.testng.reporters.JUnitReportReporter -->
<testsuite hostname="DESKTOP-8JEUC3S" failures="0" tests="1" name="Test4.ResponseData" time="2.997" errors="0" timestamp="2023-08-09T11:50:24 IST" skipped="0">
  <testcase classname="Test4.ResponseData" name="responsedata" time="2.997"/>
</testsuite> <!-- Test4.ResponseData -->
