<?xml version="1.0" encoding="UTF-8"?>
<!-- Generated by org.testng.reporters.JUnitReportReporter -->
<testsuite hostname="DESKTOP-8JEUC3S" failures="0" tests="1" name="Test3.NewCode" time="3.779" errors="0" timestamp="2023-08-03T15:28:27 IST" skipped="0">
  <testcase classname="Test3.NewCode" name="getHeaders" time="3.779"/>
</testsuite> <!-- Test3.NewCode -->
