<?xml version="1.0" encoding="UTF-8"?>
<!-- Generated by org.testng.reporters.JUnitReportReporter -->
<testsuite hostname="DESKTOP-8JEUC3S" failures="0" tests="1" name="Test3.LogginDemo" time="4.297" errors="0" timestamp="2023-08-03T15:43:51 IST" skipped="0">
  <testcase classname="Test3.LogginDemo" name="testLogs" time="4.297"/>
</testsuite> <!-- Test3.LogginDemo -->
