<?xml version="1.0" encoding="UTF-8"?>
<!-- Generated by org.testng.reporters.JUnitReportReporter -->
<testsuite hostname="DESKTOP-8JEUC3S" failures="0" tests="2" name="Test2.PostRequestBodyCreationUsingPOJO" time="5.333" errors="0" timestamp="2023-08-04T12:56:22 IST" skipped="0">
  <testcase classname="Test2.PostRequestBodyCreationUsingPOJO" name="testPostPojo" time="5.253"/>
  <testcase classname="Test2.PostRequestBodyCreationUsingPOJO" name="Delete" time="0.080"/>
</testsuite> <!-- Test2.PostRequestBodyCreationUsingPOJO -->
