<?xml version="1.0" encoding="UTF-8"?>
<!-- Generated by org.testng.reporters.JUnitReportReporter -->
<testsuite hostname="DESKTOP-8JEUC3S" failures="0" tests="1" name="Test4.Rest2" time="3.213" errors="0" timestamp="2023-08-09T11:14:28 IST" skipped="0">
  <testcase classname="Test4.Rest2" name="testJsonResponse" time="3.213"/>
</testsuite> <!-- Test4.Rest2 -->
