<?xml version="1.0" encoding="UTF-8"?>
<!-- Generated by org.testng.reporters.JUnitReportReporter -->
<testsuite hostname="DESKTOP-8JEUC3S" failures="0" tests="1" name="Test2.DiffWayToCreatePostRequestBody" time="4.842" errors="0" timestamp="2023-07-27T18:18:39 IST" skipped="0">
  <testcase classname="Test2.DiffWayToCreatePostRequestBody" name="testpostusingHashMap" time="4.842"/>
</testsuite> <!-- Test2.DiffWayToCreatePostRequestBody -->
