<?xml version="1.0" encoding="UTF-8"?>
<!-- Generated by org.testng.reporters.JUnitReportReporter -->
<testsuite hostname="DESKTOP-8JEUC3S" failures="0" tests="1" name="DAY3.PathQueryParameter" time="3.187" errors="0" timestamp="2023-08-02T14:27:08 IST" skipped="0">
  <testcase classname="DAY3.PathQueryParameter" name="testQueryAndPathParameters" time="3.187"/>
</testsuite> <!-- DAY3.PathQueryParameter -->
