<?xml version="1.0" encoding="UTF-8"?>
<!-- Generated by org.testng.reporters.JUnitReportReporter -->
<testsuite hostname="DESKTOP-8JEUC3S" failures="0" tests="1" name="Test3.Cookies" time="6.251" errors="0" timestamp="2023-08-02T17:58:12 IST" skipped="0">
  <testcase classname="Test3.Cookies" name="getCookies" time="6.251"/>
</testsuite> <!-- Test3.Cookies -->
