<?xml version="1.0" encoding="UTF-8"?>
<!-- Generated by org.testng.reporters.JUnitReportReporter -->
<testsuite hostname="DESKTOP-8JEUC3S" failures="0" tests="1" name="Test4.ResponseBook" time="3.721" errors="0" timestamp="2023-08-09T17:44:36 IST" skipped="0">
  <testcase classname="Test4.ResponseBook" name="testJsonResponse" time="3.721"/>
</testsuite> <!-- Test4.ResponseBook -->
