<?xml version="1.0" encoding="UTF-8"?>
<!-- Generated by org.testng.reporters.JUnitReportReporter -->
<testsuite hostname="DESKTOP-8JEUC3S" failures="0" tests="1" name="Test5.PasingXMLResponse" time="7.734" errors="0" timestamp="2023-08-11T12:28:56 IST" skipped="0">
  <testcase classname="Test5.PasingXMLResponse" name="testXMLResponse" time="7.734"/>
</testsuite> <!-- Test5.PasingXMLResponse -->
